-------------------------------------------------------------------------------
Test set: com.n26.StatisticsControllerTest
-------------------------------------------------------------------------------
Tests run: 1, Failures: 0, Errors: 1, Skipped: 0, Time elapsed: 0.003 s <<< FAILURE! - in com.n26.StatisticsControllerTest
initializationError(com.n26.StatisticsControllerTest)  Time elapsed: 0 s  <<< ERROR!
java.lang.NoClassDefFoundError: org/springframework/core/annotation/MergedAnnotations$SearchStrategy

