-------------------------------------------------------------------------------
Test set: com.n26.TransactionsControllerTest
-------------------------------------------------------------------------------
Tests run: 1, Failures: 0, Errors: 1, Skipped: 0, Time elapsed: 0.272 s <<< FAILURE! - in com.n26.TransactionsControllerTest
initializationError(com.n26.TransactionsControllerTest)  Time elapsed: 0.004 s  <<< ERROR!
java.lang.NoClassDefFoundError: org/springframework/core/annotation/MergedAnnotations$SearchStrategy
Caused by: java.lang.ClassNotFoundException: org.springframework.core.annotation.MergedAnnotations$SearchStrategy

